app/build/intermediates/manifest_merge_blame_file/debug/processDebugMainManifest/manifest-merger-blame-debug-report.txt
1<?xml version="1.0" encoding="utf-8"?>
2<manifest xmlns:android="http://schemas.android.com/apk/res/android"
3    package="com.spotlight"
4    android:versionCode="1"
5    android:versionName="1.0" >
6
7    <uses-sdk
7-->INJECTED
8        android:minSdkVersion="24"
8-->INJECTED
9        android:targetSdkVersion="34" />
9-->INJECTED
10
11    <permission
11-->[androidx.core:core:1.9.0] AndroidManifest.xml:22:5-24:47
12        android:name="com.spotlight.DYNAMIC_RECEIVER_NOT_EXPORTED_PERMISSION"
12-->[androidx.core:core:1.9.0] AndroidManifest.xml:23:9-81
13        android:protectionLevel="signature" />
13-->[androidx.core:core:1.9.0] AndroidManifest.xml:24:9-44
14
15    <uses-permission android:name="com.spotlight.DYNAMIC_RECEIVER_NOT_EXPORTED_PERMISSION" />
15-->[androidx.core:core:1.9.0] AndroidManifest.xml:26:5-97
15-->[androidx.core:core:1.9.0] AndroidManifest.xml:26:22-94
16
17    <application
17-->src/main/AndroidManifest.xml:4:5-24:19
18        android:allowBackup="true"
18-->src/main/AndroidManifest.xml:5:9-35
19        android:appComponentFactory="androidx.core.app.CoreComponentFactory"
19-->[androidx.core:core:1.9.0] AndroidManifest.xml:28:18-86
20        android:debuggable="true"
21        android:extractNativeLibs="false"
21-->INJECTED
22        android:icon="@mipmap/ic_launcher"
22-->src/main/AndroidManifest.xml:6:9-43
23        android:label="@string/app_name"
23-->src/main/AndroidManifest.xml:7:9-41
24        android:roundIcon="@mipmap/ic_launcher_round"
24-->src/main/AndroidManifest.xml:8:9-54
25        android:supportsRtl="true"
25-->src/main/AndroidManifest.xml:9:9-35
26        android:theme="@style/Theme.AppCompat.Light.DarkActionBar" >
26-->src/main/AndroidManifest.xml:10:9-67
27        <activity
27-->src/main/AndroidManifest.xml:11:9-18:20
28            android:name="com.spotlight.MainActivity"
28-->src/main/AndroidManifest.xml:12:13-41
29            android:exported="true" >
29-->src/main/AndroidManifest.xml:13:13-36
30            <intent-filter>
30-->src/main/AndroidManifest.xml:14:13-17:29
31                <action android:name="android.intent.action.MAIN" />
31-->src/main/AndroidManifest.xml:15:17-69
31-->src/main/AndroidManifest.xml:15:25-66
32
33                <category android:name="android.intent.category.LAUNCHER" />
33-->src/main/AndroidManifest.xml:16:17-77
33-->src/main/AndroidManifest.xml:16:27-74
34            </intent-filter>
35        </activity>
36        <activity android:name="com.spotlight.GameSetupActivity" />
36-->src/main/AndroidManifest.xml:19:9-55
36-->src/main/AndroidManifest.xml:19:19-52
37        <activity android:name="com.spotlight.GameActivity" />
37-->src/main/AndroidManifest.xml:20:9-50
37-->src/main/AndroidManifest.xml:20:19-47
38        <activity android:name="com.spotlight.MultiplayerMenuActivity" />
38-->src/main/AndroidManifest.xml:21:9-61
38-->src/main/AndroidManifest.xml:21:19-58
39        <activity android:name="com.spotlight.CreateRoomActivity" />
39-->src/main/AndroidManifest.xml:22:9-56
39-->src/main/AndroidManifest.xml:22:19-53
40        <activity android:name="com.spotlight.JoinRoomActivity" />
40-->src/main/AndroidManifest.xml:23:9-54
40-->src/main/AndroidManifest.xml:23:19-51
41
42        <provider
42-->[androidx.emoji2:emoji2:1.2.0] AndroidManifest.xml:24:9-32:20
43            android:name="androidx.startup.InitializationProvider"
43-->[androidx.emoji2:emoji2:1.2.0] AndroidManifest.xml:25:13-67
44            android:authorities="com.spotlight.androidx-startup"
44-->[androidx.emoji2:emoji2:1.2.0] AndroidManifest.xml:26:13-68
45            android:exported="false" >
45-->[androidx.emoji2:emoji2:1.2.0] AndroidManifest.xml:27:13-37
46            <meta-data
46-->[androidx.emoji2:emoji2:1.2.0] AndroidManifest.xml:29:13-31:52
47                android:name="androidx.emoji2.text.EmojiCompatInitializer"
47-->[androidx.emoji2:emoji2:1.2.0] AndroidManifest.xml:30:17-75
48                android:value="androidx.startup" />
48-->[androidx.emoji2:emoji2:1.2.0] AndroidManifest.xml:31:17-49
49            <meta-data
49-->[androidx.lifecycle:lifecycle-process:2.4.1] AndroidManifest.xml:31:13-33:52
50                android:name="androidx.lifecycle.ProcessLifecycleInitializer"
50-->[androidx.lifecycle:lifecycle-process:2.4.1] AndroidManifest.xml:32:17-78
51                android:value="androidx.startup" />
51-->[androidx.lifecycle:lifecycle-process:2.4.1] AndroidManifest.xml:33:17-49
52        </provider>
53    </application>
54
55</manifest>